2025-05-30 17:46:58,530 - easyocr.easyocr - WARNING - Neither CUDA nor MPS are available - defaulting to CPU. Note: This module is much faster with a GPU.
2025-05-30 17:50:56,069 - easyocr.easyocr - WARNING - Neither CUDA nor MPS are available - defaulting to CPU. Note: This module is much faster with a GPU.
2025-05-30 17:52:22,938 - easyocr.easyocr - WARNING - Neither CUDA nor MPS are available - defaulting to CPU. Note: This module is much faster with a GPU.
2025-05-30 18:29:45,743 - easyocr.easyocr - WARNING - Neither CUDA nor MPS are available - defaulting to CPU. Note: This module is much faster with a GPU.
2025-05-30 18:30:03,034 - easyocr.easyocr - WARNING - Neither CUDA nor MPS are available - defaulting to CPU. Note: This module is much faster with a GPU.
2025-05-30 18:30:08,783 - utils - ERROR - Application error: Expanders may not be nested inside other expanders.
2025-05-30 18:31:03,702 - utils - ERROR - Application error: Expanders may not be nested inside other expanders.
2025-05-30 18:31:03,985 - easyocr.easyocr - WARNING - Neither CUDA nor MPS are available - defaulting to CPU. Note: This module is much faster with a GPU.
2025-05-30 18:31:08,872 - utils - ERROR - Application error: Expanders may not be nested inside other expanders.
2025-05-30 18:31:53,429 - easyocr.easyocr - WARNING - Neither CUDA nor MPS are available - defaulting to CPU. Note: This module is much faster with a GPU.
2025-05-30 18:32:11,263 - easyocr.easyocr - WARNING - Neither CUDA nor MPS are available - defaulting to CPU. Note: This module is much faster with a GPU.
2025-05-30 18:33:06,735 - utils - ERROR - Document processing error: Could not find a backend to open `/tmp/tmpvb7mfl52_INV-001.pdf`` with iomode `r`.
2025-05-30 18:41:32,541 - utils - ERROR - Document processing error: Could not find a backend to open `/tmp/tmp7j51nz9z_INV-001.pdf`` with iomode `r`.
2025-05-30 18:42:33,692 - utils - ERROR - Document processing error: Could not find a backend to open `/tmp/tmpmcqw2m1n_INV-001.pdf`` with iomode `r`.
2025-05-30 18:47:20,038 - utils - ERROR - Document processing error: Could not find a backend to open `/tmp/tmpwphs_4qt_INV-001.pdf`` with iomode `r`.
2025-05-30 18:48:36,416 - easyocr.easyocr - WARNING - Neither CUDA nor MPS are available - defaulting to CPU. Note: This module is much faster with a GPU.
2025-05-30 18:49:12,318 - easyocr.easyocr - WARNING - Neither CUDA nor MPS are available - defaulting to CPU. Note: This module is much faster with a GPU.
2025-05-30 18:49:55,287 - utils - ERROR - Document processing error: Unable to get page count. Is poppler installed and in PATH?
2025-05-30 18:57:53,908 - easyocr.easyocr - WARNING - Neither CUDA nor MPS are available - defaulting to CPU. Note: This module is much faster with a GPU.
2025-05-30 18:58:40,164 - utils - ERROR - Document processing error: Unable to get page count. Is poppler installed and in PATH?
2025-05-30 19:37:48,783 - easyocr.easyocr - WARNING - Neither CUDA nor MPS are available - defaulting to CPU. Note: This module is much faster with a GPU.
2025-05-30 19:38:12,212 - utils - ERROR - Document processing error: Unable to get page count. Is poppler installed and in PATH?
2025-05-30 19:46:33,824 - easyocr.easyocr - WARNING - Neither CUDA nor MPS are available - defaulting to CPU. Note: This module is much faster with a GPU.
2025-05-30 19:47:25,509 - easyocr.easyocr - WARNING - Neither CUDA nor MPS are available - defaulting to CPU. Note: This module is much faster with a GPU.
2025-05-30 19:47:53,910 - utils - ERROR - Document processing error: name 'platform' is not defined
2025-05-30 19:48:55,642 - easyocr.easyocr - WARNING - Neither CUDA nor MPS are available - defaulting to CPU. Note: This module is much faster with a GPU.
2025-05-30 19:49:22,603 - utils - ERROR - Document processing error: Unable to get page count. Is poppler installed and in PATH?
2025-05-30 20:31:46,400 - easyocr.easyocr - WARNING - Neither CUDA nor MPS are available - defaulting to CPU. Note: This module is much faster with a GPU.
2025-05-30 20:32:04,159 - utils - ERROR - Document processing error: Unable to get page count. Is poppler installed and in PATH?
2025-05-30 21:08:12,128 - easyocr.easyocr - WARNING - Neither CUDA nor MPS are available - defaulting to CPU. Note: This module is much faster with a GPU.
2025-05-30 21:08:45,489 - utils - ERROR - Document processing error: Unable to get page count. Is poppler installed and in PATH?
